<?xml version="1.0" encoding="UTF-8"?>
<testng-results ignored="0" total="1" passed="1" failed="0" skipped="0">
  <reporter-output>
    <line>
      <![CDATA[openBrowser]]>
    </line>
    <line>
      <![CDATA[VendorsModule has been passed]]>
    </line>
  </reporter-output>
  <suite started-at="2025-04-04T17:38:56 IST" name="Default suite" finished-at="2025-04-04T17:39:10 IST" duration-ms="13487">
    <groups>
    </groups>
    <test started-at="2025-04-04T17:38:56 IST" name="Default test" finished-at="2025-04-04T17:39:10 IST" duration-ms="13487">
      <class name="com.adiv.testscript.VendorsModule">
        <test-method is-config="true" signature="openBrowser()[pri:0, instance:com.adiv.testscript.VendorsModule@15d49048]" started-at="2025-04-04T17:38:56 IST" name="openBrowser" finished-at="2025-04-04T17:38:59 IST" duration-ms="2740" status="PASS">
          <reporter-output>
            <line>
              <![CDATA[openBrowser]]>
            </line>
          </reporter-output>
        </test-method> <!-- openBrowser -->
        <test-method is-config="true" signature="login()[pri:0, instance:com.adiv.testscript.VendorsModule@15d49048]" started-at="2025-04-04T17:38:59 IST" name="login" finished-at="2025-04-04T17:39:00 IST" duration-ms="1448" status="PASS">
          <reporter-output>
          </reporter-output>
        </test-method> <!-- login -->
        <test-method signature="VendorsModule()[pri:0, instance:com.adiv.testscript.VendorsModule@15d49048]" started-at="2025-04-04T17:39:00 IST" name="VendorsModule" finished-at="2025-04-04T17:39:07 IST" duration-ms="6608" status="PASS">
          <reporter-output>
            <line>
              <![CDATA[VendorsModule has been passed]]>
            </line>
          </reporter-output>
        </test-method> <!-- VendorsModule -->
        <test-method is-config="true" signature="logout()[pri:0, instance:com.adiv.testscript.VendorsModule@15d49048]" started-at="2025-04-04T17:39:07 IST" name="logout" finished-at="2025-04-04T17:39:07 IST" duration-ms="5" status="PASS">
          <reporter-output>
          </reporter-output>
        </test-method> <!-- logout -->
        <test-method is-config="true" signature="closeBrowser()[pri:0, instance:com.adiv.testscript.VendorsModule@15d49048]" started-at="2025-04-04T17:39:07 IST" name="closeBrowser" finished-at="2025-04-04T17:39:10 IST" duration-ms="2616" status="PASS">
          <reporter-output>
          </reporter-output>
        </test-method> <!-- closeBrowser -->
      </class> <!-- com.adiv.testscript.VendorsModule -->
    </test> <!-- Default test -->
  </suite> <!-- Default suite -->
</testng-results>
