<?xml version="1.0" encoding="UTF-8"?>
<testng-results ignored="0" total="1" passed="1" failed="0" skipped="0">
  <reporter-output>
    <line>
      <![CDATA[openBrowser]]>
    </line>
    <line>
      <![CDATA[CampaignModule has been passed]]>
    </line>
  </reporter-output>
  <suite started-at="2024-12-20T22:15:29 IST" name="Default suite" finished-at="2024-12-20T22:15:47 IST" duration-ms="17768">
    <groups>
    </groups>
    <test started-at="2024-12-20T22:15:29 IST" name="Default test" finished-at="2024-12-20T22:15:47 IST" duration-ms="17768">
      <class name="com.adiv.testscript.CampaignModule">
        <test-method is-config="true" signature="openBrowser()[pri:0, instance:com.adiv.testscript.CampaignModule@43df23d3]" started-at="2024-12-20T22:15:29 IST" name="openBrowser" finished-at="2024-12-20T22:15:32 IST" duration-ms="2635" status="PASS">
          <reporter-output>
            <line>
              <![CDATA[openBrowser]]>
            </line>
          </reporter-output>
        </test-method> <!-- openBrowser -->
        <test-method is-config="true" signature="login()[pri:0, instance:com.adiv.testscript.CampaignModule@43df23d3]" started-at="2024-12-20T22:15:32 IST" name="login" finished-at="2024-12-20T22:15:34 IST" duration-ms="2342" status="PASS">
          <reporter-output>
          </reporter-output>
        </test-method> <!-- login -->
        <test-method signature="CampaignModule()[pri:0, instance:com.adiv.testscript.CampaignModule@43df23d3]" started-at="2024-12-20T22:15:34 IST" name="CampaignModule" finished-at="2024-12-20T22:15:46 IST" duration-ms="12105" status="PASS">
          <reporter-output>
            <line>
              <![CDATA[CampaignModule has been passed]]>
            </line>
          </reporter-output>
        </test-method> <!-- CampaignModule -->
        <test-method is-config="true" signature="logout()[pri:0, instance:com.adiv.testscript.CampaignModule@43df23d3]" started-at="2024-12-20T22:15:46 IST" name="logout" finished-at="2024-12-20T22:15:46 IST" duration-ms="249" status="PASS">
          <reporter-output>
          </reporter-output>
        </test-method> <!-- logout -->
        <test-method is-config="true" signature="closeBrowser()[pri:0, instance:com.adiv.testscript.CampaignModule@43df23d3]" started-at="2024-12-20T22:15:46 IST" name="closeBrowser" finished-at="2024-12-20T22:15:47 IST" duration-ms="365" status="PASS">
          <reporter-output>
          </reporter-output>
        </test-method> <!-- closeBrowser -->
      </class> <!-- com.adiv.testscript.CampaignModule -->
    </test> <!-- Default test -->
  </suite> <!-- Default suite -->
</testng-results>
